Build started 28/06/2015 17:25:51.
     1>Project "D:\Vasco\Documentos\1º Ano\2º Semestre\Programação\New_BattleShip_Game\New_BattleShip_Game\New_BattleShip_Game.vcxproj" on node 2 (Build target(s)).
     1>ClCompile:
         C:\Program Files (x86)\Microsoft Visual Studio 12.0\VC\bin\CL.exe /c /ZI /nologo /W3 /WX- /sdl /Od /Oy- /D WIN32 /D _DEBUG /D _CONSOLE /D _LIB /D _UNICODE /D UNICODE /Gm /EHsc /RTC1 /MDd /GS /fp:precise /Zc:wchar_t /Zc:forScope /Fo"Debug\\" /Fd"Debug\vc120.pdb" /Gd /TP /analyze- /errorReport:prompt Board_BSG.cpp Bomb_BSG.cpp IO.cpp Main_BSG.cpp Player_BSG.cpp Ship_BSG.cpp
         Ship_BSG.cpp
     1>d:\vasco\documentos\1º ano\2º semestre\programação\new_battleship_game\new_battleship_game\ship_bsg.cpp(143): warning C4800: 'int' : forcing value to bool 'true' or 'false' (performance warning)
     1>d:\vasco\documentos\1º ano\2º semestre\programação\new_battleship_game\new_battleship_game\ship_bsg.cpp(162): warning C4244: 'initializing' : conversion from 'double' to 'int', possible loss of data
         Player_BSG.cpp
     1>d:\vasco\documentos\1º ano\2º semestre\programação\new_battleship_game\new_battleship_game\player_bsg.cpp(93): warning C4244: 'argument' : conversion from 'time_t' to 'unsigned int', possible loss of data
         Main_BSG.cpp
     1>d:\vasco\documentos\1º ano\2º semestre\programação\new_battleship_game\new_battleship_game\main_bsg.cpp(9): warning C4244: 'argument' : conversion from 'time_t' to 'unsigned int', possible loss of data
         IO.cpp
     1>d:\vasco\documentos\1º ano\2º semestre\programação\new_battleship_game\new_battleship_game\io.cpp(537): warning C4244: 'initializing' : conversion from 'time_t' to 'int', possible loss of data
     1>d:\vasco\documentos\1º ano\2º semestre\programação\new_battleship_game\new_battleship_game\io.cpp(620): warning C4018: '>=' : signed/unsigned mismatch
         Bomb_BSG.cpp
     1>d:\vasco\documentos\1º ano\2º semestre\programação\new_battleship_game\new_battleship_game\bomb_bsg.cpp(10): warning C4244: 'argument' : conversion from 'time_t' to 'unsigned int', possible loss of data
         Board_BSG.cpp
     1>d:\vasco\documentos\1º ano\2º semestre\programação\new_battleship_game\new_battleship_game\board_bsg.cpp(137): warning C4018: '<' : signed/unsigned mismatch
     1>d:\vasco\documentos\1º ano\2º semestre\programação\new_battleship_game\new_battleship_game\board_bsg.cpp(144): warning C4018: '<' : signed/unsigned mismatch
         Generating Code...
       Link:
         C:\Program Files (x86)\Microsoft Visual Studio 12.0\VC\bin\link.exe /ERRORREPORT:PROMPT /OUT:"D:\Vasco\Documentos\1º Ano\2º Semestre\Programação\New_BattleShip_Game\Debug\New_BattleShip_Game.exe" /INCREMENTAL /NOLOGO kernel32.lib user32.lib gdi32.lib winspool.lib comdlg32.lib advapi32.lib shell32.lib ole32.lib oleaut32.lib uuid.lib odbc32.lib odbccp32.lib /MANIFEST /MANIFESTUAC:"level='asInvoker' uiAccess='false'" /manifest:embed /DEBUG /PDB:"D:\Vasco\Documentos\1º Ano\2º Semestre\Programação\New_BattleShip_Game\Debug\New_BattleShip_Game.pdb" /SUBSYSTEM:CONSOLE /TLBID:1 /DYNAMICBASE /NXCOMPAT /IMPLIB:"D:\Vasco\Documentos\1º Ano\2º Semestre\Programação\New_BattleShip_Game\Debug\New_BattleShip_Game.lib" /MACHINE:X86 Debug\Board_BSG.obj
         Debug\Bomb_BSG.obj
         Debug\IO.obj
         Debug\Main_BSG.obj
         Debug\Player_BSG.obj
         Debug\Ship_BSG.obj
         New_BattleShip_Game.vcxproj -> D:\Vasco\Documentos\1º Ano\2º Semestre\Programação\New_BattleShip_Game\Debug\New_BattleShip_Game.exe
     1>Done Building Project "D:\Vasco\Documentos\1º Ano\2º Semestre\Programação\New_BattleShip_Game\New_BattleShip_Game\New_BattleShip_Game.vcxproj" (Build target(s)).

Build succeeded.

Time Elapsed 00:00:10.83
